<?xml version="1.0" encoding="UTF-8"?>
<testsuite name="Academy Choucair" tests="1" skipped="1" failures="0" errors="0" timestamp="2021-09-27T21:43:55" hostname="DESKTOP-J5905I6" time="0.084">
  <properties/>
  <testcase name="Search for a automation course" classname="Academy Choucair" time="0.084">
    <skipped/>
  </testcase>
  <system-out><![CDATA[]]></system-out>
  <system-err><![CDATA[[Test worker] WARN net.thucydides.core.steps.BaseStepListener - stepStarted: net.thucydides.core.steps.ExecutedStepDescription@66697af4
[Test worker] INFO net.thucydides.core.steps.ConsoleLoggingListener - TEST PENDING
[Test worker] WARN net.thucydides.core.steps.BaseStepListener - stepStarted: net.thucydides.core.steps.ExecutedStepDescription@21d0c295
[Test worker] WARN net.thucydides.core.steps.BaseStepListener - stepStarted: net.thucydides.core.steps.ExecutedStepDescription@76cddc85
[Test worker] WARN net.thucydides.core.steps.BaseStepListener - testFinished: Search for a automation course:Example: {strUser=rpenaa, strPassword=Febrero.2020, strCourse=Metodología Bancolombia} [Given that Brandon wants to learn automation at the academy Choucair
| strUser | strPassword |
| rpenaa | <strPassword |, When he search for the course on the Choucair academy platform
| strCourse |
| Metodología Bancolombia |, Then he finds the course
| strCourse |
| Metodología Bancolombia |]
[Test worker] WARN net.thucydides.core.steps.BaseStepListener - TestOutcomes: [Search for a automation course:Example: {strUser=rpenaa, strPassword=Febrero.2020, strCourse=Metodología Bancolombia} [Given that Brandon wants to learn automation at the academy Choucair
| strUser | strPassword |
| rpenaa | <strPassword |, When he search for the course on the Choucair academy platform
| strCourse |
| Metodología Bancolombia |, Then he finds the course
| strCourse |
| Metodología Bancolombia |]]
[Test worker] WARN net.thucydides.core.steps.BaseStepListener - Final testOutcomes: [Search for a automation course:Example: {strUser=rpenaa, strPassword=Febrero.2020, strCourse=Metodología Bancolombia} [Given that Brandon wants to learn automation at the academy Choucair
| strUser | strPassword |
| rpenaa | <strPassword |, When he search for the course on the Choucair academy platform
| strCourse |
| Metodología Bancolombia |, Then he finds the course
| strCourse |
| Metodología Bancolombia |]]
[Test worker] INFO net.thucydides.core.steps.ConsoleLoggingListener - 
          __  _____ _____ ____ _____   ____  _____ _   _ ____ ___ _   _  ____ 
 _       / / |_   _| ____/ ___|_   _| |  _ \| ____| \ | |  _ \_ _| \ | |/ ___|
(_)____ / /    | | |  _| \___ \ | |   | |_) |  _| |  \| | | | | ||  \| | |  _ 
 |_____/ /     | | | |___ ___) || |   |  __/| |___| |\  | |_| | || |\  | |_| |
(_)   /_/      |_| |_____|____/ |_|   |_|   |_____|_| \_|____/___|_| \_|\____|
                                                                                

TEST PENDING: Search for a automation course
---------------------------------------------------------------------------------
]]></system-err>
</testsuite>
